Determining if the pthread_create exist failed with the following output:
Change Dir: /home/sentinel/ROSWorkspace/cvProject/build/CMakeFiles/CMakeTmp

Run Build Command:"/usr/bin/make" "cmTC_96586/fast"
/usr/bin/make -f CMakeFiles/cmTC_96586.dir/build.make CMakeFiles/cmTC_96586.dir/build
make[1]: Entering directory '/home/sentinel/ROSWorkspace/cvProject/build/CMakeFiles/CMakeTmp'
Building C object CMakeFiles/cmTC_96586.dir/CheckSymbolExists.c.o
/usr/bin/cc     -o CMakeFiles/cmTC_96586.dir/CheckSymbolExists.c.o   -c /home/sentinel/ROSWorkspace/cvProject/build/CMakeFiles/CMakeTmp/CheckSymbolExists.c
Linking C executable cmTC_96586
/usr/bin/cmake -E cmake_link_script CMakeFiles/cmTC_96586.dir/link.txt --verbose=1
/usr/bin/cc       CMakeFiles/cmTC_96586.dir/CheckSymbolExists.c.o  -o cmTC_96586 -rdynamic 
CMakeFiles/cmTC_96586.dir/CheckSymbolExists.c.o：在函数‘main’中：
CheckSymbolExists.c:(.text+0x16)：对‘pthread_create’未定义的引用
collect2: error: ld returned 1 exit status
CMakeFiles/cmTC_96586.dir/build.make:97: recipe for target 'cmTC_96586' failed
make[1]: *** [cmTC_96586] Error 1
make[1]: Leaving directory '/home/sentinel/ROSWorkspace/cvProject/build/CMakeFiles/CMakeTmp'
Makefile:126: recipe for target 'cmTC_96586/fast' failed
make: *** [cmTC_96586/fast] Error 2

File /home/sentinel/ROSWorkspace/cvProject/build/CMakeFiles/CMakeTmp/CheckSymbolExists.c:
/* */
#include <pthread.h>

int main(int argc, char** argv)
{
  (void)argv;
#ifndef pthread_create
  return ((int*)(&pthread_create))[argc];
#else
  (void)argc;
  return 0;
#endif
}

Determining if the function pthread_create exists in the pthreads failed with the following output:
Change Dir: /home/sentinel/ROSWorkspace/cvProject/build/CMakeFiles/CMakeTmp

Run Build Command:"/usr/bin/make" "cmTC_4c53c/fast"
/usr/bin/make -f CMakeFiles/cmTC_4c53c.dir/build.make CMakeFiles/cmTC_4c53c.dir/build
make[1]: Entering directory '/home/sentinel/ROSWorkspace/cvProject/build/CMakeFiles/CMakeTmp'
Building C object CMakeFiles/cmTC_4c53c.dir/CheckFunctionExists.c.o
/usr/bin/cc    -DCHECK_FUNCTION_EXISTS=pthread_create   -o CMakeFiles/cmTC_4c53c.dir/CheckFunctionExists.c.o   -c /usr/share/cmake-3.5/Modules/CheckFunctionExists.c
Linking C executable cmTC_4c53c
/usr/bin/cmake -E cmake_link_script CMakeFiles/cmTC_4c53c.dir/link.txt --verbose=1
/usr/bin/cc   -DCHECK_FUNCTION_EXISTS=pthread_create    CMakeFiles/cmTC_4c53c.dir/CheckFunctionExists.c.o  -o cmTC_4c53c -rdynamic -lpthreads 
/usr/bin/ld: 找不到 -lpthreads
collect2: error: ld returned 1 exit status
CMakeFiles/cmTC_4c53c.dir/build.make:97: recipe for target 'cmTC_4c53c' failed
make[1]: *** [cmTC_4c53c] Error 1
make[1]: Leaving directory '/home/sentinel/ROSWorkspace/cvProject/build/CMakeFiles/CMakeTmp'
Makefile:126: recipe for target 'cmTC_4c53c/fast' failed
make: *** [cmTC_4c53c/fast] Error 2


